[  100180ms] [INFO] %cDownload the React DevTools for a better development experience: https://react.dev/link/react-devtools font-weight:bold @ http://localhost:3000/_next/static/chunks/05ww_next_dist_0mh053u._.js:2431
[  100217ms] [LOG] [HMR] connected @ http://localhost:3000/_next/static/chunks/05ww_next_dist_0mh053u._.js:2431
[  158789ms] [ERROR] WebSocket connection to 'ws://localhost:3000/_next/webpack-hmr?id=rqfl4vrpUNI4L6Rzx1_Oy' failed: Error in connection establishment: net::ERR_CONNECTION_REFUSED @ http://localhost:3000/_next/static/chunks/05ww_next_dist_client_06seu3_._.js:13299
[  159791ms] [ERROR] WebSocket connection to 'ws://localhost:3000/_next/webpack-hmr?id=rqfl4vrpUNI4L6Rzx1_Oy' failed: Error in connection establishment: net::ERR_CONNECTION_REFUSED @ http://localhost:3000/_next/static/chunks/05ww_next_dist_client_06seu3_._.js:13299
[  160793ms] [ERROR] WebSocket connection to 'ws://localhost:3000/_next/webpack-hmr?id=rqfl4vrpUNI4L6Rzx1_Oy' failed: Error in connection establishment: net::ERR_CONNECTION_REFUSED @ http://localhost:3000/_next/static/chunks/05ww_next_dist_client_06seu3_._.js:13299
[  161797ms] [ERROR] WebSocket connection to 'ws://localhost:3000/_next/webpack-hmr?id=rqfl4vrpUNI4L6Rzx1_Oy' failed: Error in connection establishment: net::ERR_CONNECTION_REFUSED @ http://localhost:3000/_next/static/chunks/05ww_next_dist_client_06seu3_._.js:13299
[  162799ms] [ERROR] WebSocket connection to 'ws://localhost:3000/_next/webpack-hmr?id=rqfl4vrpUNI4L6Rzx1_Oy' failed: Error in connection establishment: net::ERR_CONNECTION_REFUSED @ http://localhost:3000/_next/static/chunks/05ww_next_dist_client_06seu3_._.js:13299
[  167804ms] [ERROR] WebSocket connection to 'ws://localhost:3000/_next/webpack-hmr?id=rqfl4vrpUNI4L6Rzx1_Oy' failed: Error in connection establishment: net::ERR_CONNECTION_REFUSED @ http://localhost:3000/_next/static/chunks/05ww_next_dist_client_06seu3_._.js:13299
[  172806ms] [ERROR] WebSocket connection to 'ws://localhost:3000/_next/webpack-hmr?id=rqfl4vrpUNI4L6Rzx1_Oy' failed: Error in connection establishment: net::ERR_CONNECTION_REFUSED @ http://localhost:3000/_next/static/chunks/05ww_next_dist_client_06seu3_._.js:13299
[  177808ms] [ERROR] WebSocket connection to 'ws://localhost:3000/_next/webpack-hmr?id=rqfl4vrpUNI4L6Rzx1_Oy' failed: Error in connection establishment: net::ERR_CONNECTION_REFUSED @ http://localhost:3000/_next/static/chunks/05ww_next_dist_client_06seu3_._.js:13299
[  182813ms] [ERROR] WebSocket connection to 'ws://localhost:3000/_next/webpack-hmr?id=rqfl4vrpUNI4L6Rzx1_Oy' failed: Error in connection establishment: net::ERR_CONNECTION_REFUSED @ http://localhost:3000/_next/static/chunks/05ww_next_dist_client_06seu3_._.js:13299
[  187818ms] [ERROR] WebSocket connection to 'ws://localhost:3000/_next/webpack-hmr?id=rqfl4vrpUNI4L6Rzx1_Oy' failed: Error in connection establishment: net::ERR_CONNECTION_REFUSED @ http://localhost:3000/_next/static/chunks/05ww_next_dist_client_06seu3_._.js:13299
[  192823ms] [ERROR] WebSocket connection to 'ws://localhost:3000/_next/webpack-hmr?id=rqfl4vrpUNI4L6Rzx1_Oy' failed: Error in connection establishment: net::ERR_CONNECTION_REFUSED @ http://localhost:3000/_next/static/chunks/05ww_next_dist_client_06seu3_._.js:13299
[  197827ms] [ERROR] WebSocket connection to 'ws://localhost:3000/_next/webpack-hmr?id=rqfl4vrpUNI4L6Rzx1_Oy' failed: Error in connection establishment: net::ERR_CONNECTION_REFUSED @ http://localhost:3000/_next/static/chunks/05ww_next_dist_client_06seu3_._.js:13299
[  294106ms] [INFO] %cDownload the React DevTools for a better development experience: https://react.dev/link/react-devtools font-weight:bold @ http://localhost:3000/_next/static/chunks/05ww_next_dist_0mh053u._.js:2431
[  294139ms] [LOG] [HMR] connected @ http://localhost:3000/_next/static/chunks/05ww_next_dist_0mh053u._.js:2431
[  774132ms] [LOG] [Fast Refresh] rebuilding @ http://localhost:3000/_next/static/chunks/05ww_next_dist_0mh053u._.js:2431
[  774389ms] [LOG] [Fast Refresh] done in 330ms @ http://localhost:3000/_next/static/chunks/05ww_next_dist_0mh053u._.js:2431
[  825229ms] [LOG] [Fast Refresh] rebuilding @ http://localhost:3000/_next/static/chunks/05ww_next_dist_0mh053u._.js:2431
[  825374ms] [LOG] [Fast Refresh] done in 143ms @ http://localhost:3000/_next/static/chunks/05ww_next_dist_0mh053u._.js:2431
[  867098ms] [LOG] [Fast Refresh] rebuilding @ http://localhost:3000/_next/static/chunks/05ww_next_dist_0mh053u._.js:2431
[  867163ms] [LOG] [Fast Refresh] done in 50ms @ http://localhost:3000/_next/static/chunks/05ww_next_dist_0mh053u._.js:2431
[ 1132122ms] [LOG] [Fast Refresh] rebuilding @ http://localhost:3000/_next/static/chunks/05ww_next_dist_0mh053u._.js:2431
[ 1132151ms] [LOG] [Fast Refresh] done in 65ms @ http://localhost:3000/_next/static/chunks/05ww_next_dist_0mh053u._.js:2431
[ 1176919ms] [LOG] [Fast Refresh] rebuilding @ http://localhost:3000/_next/static/chunks/05ww_next_dist_0mh053u._.js:2431
[ 1177037ms] [LOG] [Fast Refresh] done in 137ms @ http://localhost:3000/_next/static/chunks/05ww_next_dist_0mh053u._.js:2431
[ 1226407ms] [LOG] [Fast Refresh] rebuilding @ http://localhost:3000/_next/static/chunks/05ww_next_dist_0mh053u._.js:2431
[ 1226437ms] [LOG] [Fast Refresh] done in 42ms @ http://localhost:3000/_next/static/chunks/05ww_next_dist_0mh053u._.js:2431
